<?xml version="1.0" encoding="utf-8"?>
<coverage line-rate="0" version="1.9">
  <packages>
    <package name="CommissionCalculator.Engine" line-rate="0">
      <classes>
        <class name="Money" filename="src/Engine/Money.cs" line-rate="0">
          <methods />
          <lines>
            <line number="1" hits="1" branch="False" />
            <line number="2" hits="1" branch="False" />
            <line number="3" hits="1" branch="False" />
            <line number="4" hits="1" branch="False" />
            <line number="5" hits="1" branch="False" />
            <line number="6" hits="0" branch="False" />
            <line number="7" hits="0" branch="False" />
            <line number="8" hits="0" branch="False" />
            <line number="9" hits="0" branch="False" />
            <line number="10" hits="0" branch="False" />
          </lines>
        </class>
      </classes>
    </package>
  </packages>
</coverage>
